[INFO ] 2023-08-24 03:10:54.420 [main] FirstTest - Authentication Started..
[INFO ] 2023-08-24 03:10:57.488 [main] FirstTest - Authentication Successfully completed.
[INFO ] 2023-08-24 03:10:57.494 [main] FirstTest - Creating new booking started..
[INFO ] 2023-08-24 03:10:58.955 [main] FirstTest - New booking successfully completed.
[INFO ] 2023-08-24 03:10:58.958 [main] FirstTest - Update booking started..
[INFO ] 2023-08-24 03:11:00.081 [main] FirstTest - Update booking successfully completed.
[INFO ] 2023-08-24 03:11:00.083 [main] FirstTest - Get booking started..
[INFO ] 2023-08-24 03:11:01.281 [main] FirstTest - Get booking successfully completed.
[INFO ] 2023-08-24 03:18:06.271 [main] FirstTest - Authentication Started..
[INFO ] 2023-08-24 03:18:09.540 [main] FirstTest - Authentication successfully completed.
[INFO ] 2023-08-24 03:18:09.546 [main] FirstTest - Add booking Started..
[INFO ] 2023-08-24 03:18:11.126 [main] FirstTest - Add booking successfully completed.
[INFO ] 2023-08-24 03:18:11.129 [main] FirstTest - Partial update booking Started..
[INFO ] 2023-08-24 03:18:12.364 [main] FirstTest - Partial Update booking successfully completed.
[INFO ] 2023-08-24 03:18:12.370 [main] FirstTest - Delete booking Started..
[INFO ] 2023-08-24 03:18:13.554 [main] FirstTest - Deleting booking successfully completed.
[INFO ] 2023-08-24 03:19:48.312 [main] FirstTest - Authentication Started..
[INFO ] 2023-08-24 03:19:51.375 [main] FirstTest - Authentication successfully completed.
[INFO ] 2023-08-24 03:19:51.381 [main] FirstTest - Add booking Started..
[INFO ] 2023-08-24 03:19:52.895 [main] FirstTest - Add booking successfully completed.
[INFO ] 2023-08-24 03:19:52.900 [main] FirstTest - Partial update booking Started..
[INFO ] 2023-08-24 03:19:54.068 [main] FirstTest - Partial Update booking successfully completed.
[INFO ] 2023-08-24 03:19:54.070 [main] FirstTest - Delete booking Started..
[INFO ] 2023-08-24 03:19:55.249 [main] FirstTest - Delete booking successfully completed.
[INFO ] 2023-08-24 03:24:57.394 [main] FirstTest - Authentication Started..
[INFO ] 2023-08-24 03:25:00.926 [main] FirstTest - Authentication successfully completed.
[INFO ] 2023-08-24 03:25:00.937 [main] FirstTest - Creating new booking started..
[INFO ] 2023-08-24 03:25:02.427 [main] FirstTest - New booking successfully completed.
[INFO ] 2023-08-24 03:25:02.430 [main] FirstTest - Update booking started..
[INFO ] 2023-08-24 03:25:03.669 [main] FirstTest - Update booking successfully completed.
[INFO ] 2023-08-24 03:25:03.672 [main] FirstTest - Get booking started..
[INFO ] 2023-08-24 03:25:04.830 [main] FirstTest - Get booking successfully completed.
[INFO ] 2023-08-24 03:42:12.184 [main] FirstTest - Authentication Started..
[INFO ] 2023-08-24 03:42:15.322 [main] FirstTest - Authentication successfully completed.
[INFO ] 2023-08-24 03:42:15.332 [main] FirstTest - Creating new booking started..
[INFO ] 2023-08-24 03:42:16.834 [main] FirstTest - New booking successfully completed.
[INFO ] 2023-08-24 03:42:16.837 [main] FirstTest - Update booking started..
[INFO ] 2023-08-24 03:42:18.122 [main] FirstTest - Update booking successfully completed.
[INFO ] 2023-08-24 03:42:18.127 [main] FirstTest - Get booking started..
[INFO ] 2023-08-24 03:42:19.336 [main] FirstTest - Get booking successfully completed.
[INFO ] 2023-08-24 03:45:21.635 [main] FirstTest - Authentication Started..
[INFO ] 2023-08-24 03:45:24.665 [main] FirstTest - Authentication successfully completed.
[INFO ] 2023-08-24 03:45:24.671 [main] FirstTest - Creating new booking started..
[INFO ] 2023-08-24 03:45:26.207 [main] FirstTest - New booking successfully completed.
[INFO ] 2023-08-24 03:45:26.210 [main] FirstTest - Update booking started..
[INFO ] 2023-08-24 03:45:27.403 [main] FirstTest - Update booking successfully completed.
[INFO ] 2023-08-24 03:45:27.407 [main] FirstTest - Get booking started..
[INFO ] 2023-08-24 03:45:28.589 [main] FirstTest - Get booking successfully completed.
[INFO ] 2023-08-24 03:50:44.273 [main] FirstTest - Authentication Started..
[INFO ] 2023-08-24 03:50:47.587 [main] FirstTest - Authentication successfully completed.
[INFO ] 2023-08-24 03:50:47.593 [main] FirstTest - Add booking Started..
[INFO ] 2023-08-24 03:50:49.046 [main] FirstTest - Add booking successfully completed.
[INFO ] 2023-08-24 03:50:49.048 [main] FirstTest - Partial update booking Started..
[INFO ] 2023-08-24 03:50:50.178 [main] FirstTest - Partial update booking successfully completed.
[INFO ] 2023-08-24 03:50:50.181 [main] FirstTest - Delete booking Started..
[INFO ] 2023-08-24 03:51:30.240 [main] FirstTest - Authentication Started..
[INFO ] 2023-08-24 03:51:33.473 [main] FirstTest - Authentication successfully completed.
[INFO ] 2023-08-24 03:51:33.479 [main] FirstTest - Add booking Started..
[INFO ] 2023-08-24 03:51:35.008 [main] FirstTest - Add booking successfully completed.
[INFO ] 2023-08-24 03:51:35.010 [main] FirstTest - Partial update booking Started..
[INFO ] 2023-08-24 03:51:36.206 [main] FirstTest - Partial update booking successfully completed.
[INFO ] 2023-08-24 03:51:36.209 [main] FirstTest - Delete booking Started..
[INFO ] 2023-08-24 03:52:07.221 [main] FirstTest - Authentication Started..
[INFO ] 2023-08-24 03:52:10.351 [main] FirstTest - Authentication successfully completed.
[INFO ] 2023-08-24 03:52:10.356 [main] FirstTest - Add booking Started..
[INFO ] 2023-08-24 03:52:11.773 [main] FirstTest - Add booking successfully completed.
[INFO ] 2023-08-24 03:52:11.775 [main] FirstTest - Partial update booking Started..
[INFO ] 2023-08-24 03:52:12.973 [main] FirstTest - Partial update booking successfully completed.
[INFO ] 2023-08-24 03:52:12.976 [main] FirstTest - Delete booking Started..
[INFO ] 2023-08-24 03:52:14.106 [main] FirstTest - Delete booking successfully completed.
[INFO ] 2023-08-24 03:52:58.922 [main] FirstTest - Authentication Started..
[INFO ] 2023-08-24 03:53:02.134 [main] FirstTest - Authentication successfully completed.
[INFO ] 2023-08-24 03:53:02.140 [main] FirstTest - Add booking Started..
[INFO ] 2023-08-24 03:53:03.708 [main] FirstTest - Add booking successfully completed.
[INFO ] 2023-08-24 03:53:03.711 [main] FirstTest - Partial update booking Started..
[INFO ] 2023-08-24 03:53:04.948 [main] FirstTest - Partial update booking successfully completed.
[INFO ] 2023-08-24 03:53:04.954 [main] FirstTest - Delete booking Started..
[INFO ] 2023-08-24 03:53:06.206 [main] FirstTest - Delete booking successfully completed.
[INFO ] 2023-08-24 03:54:18.288 [main] FirstTest - Authentication Started..
[INFO ] 2023-08-24 03:54:21.493 [main] FirstTest - Authentication successfully completed.
[INFO ] 2023-08-24 03:54:21.502 [main] FirstTest - Add booking Started..
[INFO ] 2023-08-24 03:54:22.952 [main] FirstTest - Add booking successfully completed.
[INFO ] 2023-08-24 03:54:22.954 [main] FirstTest - Partial update booking Started..
[INFO ] 2023-08-24 03:54:24.169 [main] FirstTest - Partial update booking successfully completed.
[INFO ] 2023-08-24 03:54:24.176 [main] FirstTest - Delete booking Started..
[INFO ] 2023-08-24 03:57:02.550 [main] FirstTest - Authentication Started..
[INFO ] 2023-08-24 03:57:05.788 [main] FirstTest - Authentication successfully completed.
[INFO ] 2023-08-24 03:57:05.795 [main] FirstTest - Add booking Started..
[INFO ] 2023-08-24 03:57:07.250 [main] FirstTest - Add booking successfully completed.
[INFO ] 2023-08-24 03:57:07.253 [main] FirstTest - Partial update booking Started..
[INFO ] 2023-08-24 03:57:08.489 [main] FirstTest - Partial update booking successfully completed.
[INFO ] 2023-08-24 03:57:08.493 [main] FirstTest - Delete booking Started..
[INFO ] 2023-08-24 03:57:09.635 [main] FirstTest - Delete booking successfully completed.
[INFO ] 2023-08-24 03:57:43.013 [main] FirstTest - Authentication Started..
[INFO ] 2023-08-24 03:57:46.137 [main] FirstTest - Authentication successfully completed.
[INFO ] 2023-08-24 03:57:46.143 [main] FirstTest - Add booking Started..
[INFO ] 2023-08-24 03:57:47.573 [main] FirstTest - Add booking successfully completed.
[INFO ] 2023-08-24 03:57:47.576 [main] FirstTest - Partial update booking Started..
[INFO ] 2023-08-24 03:57:48.745 [main] FirstTest - Partial update booking successfully completed.
[INFO ] 2023-08-24 03:57:48.749 [main] FirstTest - Delete booking Started..
[INFO ] 2023-08-24 03:57:49.939 [main] FirstTest - Delete booking successfully completed.
[INFO ] 2023-08-24 04:00:55.241 [main] FirstTest - Authentication Started..
[INFO ] 2023-08-24 04:00:58.293 [main] FirstTest - Authentication successfully completed.
[INFO ] 2023-08-24 04:00:58.303 [main] FirstTest - Creating new booking started..
[INFO ] 2023-08-24 04:00:59.735 [main] FirstTest - New booking successfully completed.
[INFO ] 2023-08-24 04:00:59.737 [main] FirstTest - Update booking started..
[INFO ] 2023-08-24 04:01:00.880 [main] FirstTest - Update booking successfully completed.
[INFO ] 2023-08-24 04:01:00.885 [main] FirstTest - Get booking started..
[INFO ] 2023-08-24 04:01:02.074 [main] FirstTest - Get booking successfully completed.
[INFO ] 2023-08-24 04:02:16.622 [main] FirstTest - Authentication Started..
[INFO ] 2023-08-24 04:02:19.617 [main] FirstTest - Authentication successfully completed.
[INFO ] 2023-08-24 04:02:19.622 [main] FirstTest - Add booking Started..
[INFO ] 2023-08-24 04:02:21.129 [main] FirstTest - Add booking successfully completed.
[INFO ] 2023-08-24 04:02:21.132 [main] FirstTest - Partial update booking Started..
[INFO ] 2023-08-24 04:02:22.480 [main] FirstTest - Partial update booking successfully completed.
[INFO ] 2023-08-24 04:02:22.484 [main] FirstTest - Delete booking Started..
[INFO ] 2023-08-24 04:02:23.627 [main] FirstTest - Delete booking successfully completed.
[INFO ] 2023-08-24 04:03:06.857 [main] FirstTest - Authentication Started..
[INFO ] 2023-08-24 04:03:10.077 [main] FirstTest - Authentication successfully completed.
[INFO ] 2023-08-24 04:03:10.086 [main] FirstTest - Add booking Started..
[INFO ] 2023-08-24 04:03:11.493 [main] FirstTest - Add booking successfully completed.
[INFO ] 2023-08-24 04:03:11.496 [main] FirstTest - Partial update booking Started..
[INFO ] 2023-08-24 04:03:12.710 [main] FirstTest - Partial update booking successfully completed.
[INFO ] 2023-08-24 04:03:12.713 [main] FirstTest - Delete booking Started..
[INFO ] 2023-08-24 04:03:13.923 [main] FirstTest - Delete booking successfully completed.
[INFO ] 2023-09-29 13:21:16.960 [main] FirstTest - Authentication Started..
[INFO ] 2023-09-29 13:21:20.285 [main] FirstTest - Authentication successfully completed.
[INFO ] 2023-09-29 13:21:20.293 [main] FirstTest - Creating new booking started..
[INFO ] 2023-09-29 13:21:21.882 [main] FirstTest - New booking successfully completed.
[INFO ] 2023-09-29 13:21:21.884 [main] FirstTest - Update booking started..
[INFO ] 2023-09-29 13:21:23.193 [main] FirstTest - Update booking successfully completed.
[INFO ] 2023-09-29 13:21:23.195 [main] FirstTest - Get booking started..
[INFO ] 2023-09-29 13:21:24.323 [main] FirstTest - Get booking successfully completed.
[INFO ] 2023-09-29 13:21:24.549 [main] FirstTest - Authentication Started..
[INFO ] 2023-09-29 13:21:25.740 [main] FirstTest - Authentication successfully completed.
[INFO ] 2023-09-29 13:21:25.742 [main] FirstTest - Add booking Started..
[INFO ] 2023-09-29 13:21:26.931 [main] FirstTest - Add booking successfully completed.
[INFO ] 2023-09-29 13:21:26.933 [main] FirstTest - Partial update booking Started..
[INFO ] 2023-09-29 13:21:28.105 [main] FirstTest - Partial update booking successfully completed.
[INFO ] 2023-09-29 13:21:28.109 [main] FirstTest - Delete booking Started..
[INFO ] 2023-09-29 13:21:29.334 [main] FirstTest - Delete booking successfully completed.
[INFO ] 2023-09-29 19:54:01.153 [main] FirstTest - Authentication Started..
[INFO ] 2023-09-29 19:54:04.195 [main] FirstTest - Authentication successfully completed.
[INFO ] 2023-09-29 19:54:04.203 [main] FirstTest - Creating new booking started..
[INFO ] 2023-09-29 19:54:05.637 [main] FirstTest - New booking successfully completed.
[INFO ] 2023-09-29 19:54:05.639 [main] FirstTest - Update booking started..
[INFO ] 2023-09-29 19:54:06.772 [main] FirstTest - Update booking successfully completed.
[INFO ] 2023-09-29 19:54:06.775 [main] FirstTest - Get booking started..
[INFO ] 2023-09-29 19:54:07.985 [main] FirstTest - Get booking successfully completed.
[INFO ] 2023-09-29 19:54:08.198 [main] FirstTest - Authentication Started..
[INFO ] 2023-09-29 19:54:09.548 [main] FirstTest - Authentication successfully completed.
[INFO ] 2023-09-29 19:54:09.551 [main] FirstTest - Add booking Started..
[INFO ] 2023-09-29 19:54:10.757 [main] FirstTest - Add booking successfully completed.
[INFO ] 2023-09-29 19:54:10.759 [main] FirstTest - Partial update booking Started..
[INFO ] 2023-09-29 19:54:11.945 [main] FirstTest - Partial update booking successfully completed.
[INFO ] 2023-09-29 19:54:11.948 [main] FirstTest - Delete booking Started..
[INFO ] 2023-09-29 19:54:13.180 [main] FirstTest - Delete booking successfully completed.
[INFO ] 2023-09-29 20:06:21.619 [main] FirstTest - Authentication Started..
[INFO ] 2023-09-29 20:06:24.969 [main] FirstTest - Authentication successfully completed.
[INFO ] 2023-09-29 20:06:24.975 [main] FirstTest - Creating new booking started..
[INFO ] 2023-09-29 20:06:30.660 [main] FirstTest - New booking successfully completed.
[INFO ] 2023-09-29 20:06:30.663 [main] FirstTest - Update booking started..
[INFO ] 2023-09-29 20:06:32.311 [main] FirstTest - Update booking successfully completed.
[INFO ] 2023-09-29 20:06:32.317 [main] FirstTest - Get booking started..
[INFO ] 2023-09-29 20:06:33.949 [main] FirstTest - Get booking successfully completed.
[INFO ] 2023-09-29 20:06:34.184 [main] FirstTest - Authentication Started..
[INFO ] 2023-09-29 20:06:36.186 [main] FirstTest - Authentication successfully completed.
[INFO ] 2023-09-29 20:06:36.188 [main] FirstTest - Add booking Started..
[INFO ] 2023-09-29 20:06:37.585 [main] FirstTest - Add booking successfully completed.
[INFO ] 2023-09-29 20:06:37.587 [main] FirstTest - Partial update booking Started..
[INFO ] 2023-09-29 20:06:39.402 [main] FirstTest - Partial update booking successfully completed.
[INFO ] 2023-09-29 20:06:39.407 [main] FirstTest - Delete booking Started..
[INFO ] 2023-09-29 20:06:41.189 [main] FirstTest - Delete booking successfully completed.
[INFO ] 2023-09-30 02:18:16.236 [main] FirstTest - Authentication Started..
[INFO ] 2023-09-30 02:18:21.196 [main] FirstTest - Authentication successfully completed.
[INFO ] 2023-09-30 02:18:21.212 [main] FirstTest - Creating new booking started..
[INFO ] 2023-09-30 02:18:23.116 [main] FirstTest - New booking successfully completed.
[INFO ] 2023-09-30 02:18:23.116 [main] FirstTest - Update booking started..
[INFO ] 2023-09-30 02:18:24.483 [main] FirstTest - Update booking successfully completed.
[INFO ] 2023-09-30 02:18:24.490 [main] FirstTest - Get booking started..
[INFO ] 2023-09-30 02:18:25.933 [main] FirstTest - Get booking successfully completed.
[INFO ] 2023-09-30 02:18:26.567 [main] FirstTest - Authentication Started..
[INFO ] 2023-09-30 02:18:28.551 [main] FirstTest - Authentication successfully completed.
[INFO ] 2023-09-30 02:18:28.552 [main] FirstTest - Add booking Started..
[INFO ] 2023-09-30 02:18:30.100 [main] FirstTest - Add booking successfully completed.
[INFO ] 2023-09-30 02:18:30.113 [main] FirstTest - Partial update booking Started..
[INFO ] 2023-09-30 02:18:31.717 [main] FirstTest - Partial update booking successfully completed.
[INFO ] 2023-09-30 02:18:31.732 [main] FirstTest - Delete booking Started..
[INFO ] 2023-09-30 02:18:35.522 [main] FirstTest - Delete booking successfully completed.
[INFO ] 2023-09-30 03:47:55.374 [main] FirstTest - Authentication Started..
[INFO ] 2023-09-30 03:47:59.674 [main] FirstTest - Authentication successfully completed.
[INFO ] 2023-09-30 03:47:59.679 [main] FirstTest - Creating new booking started..
[INFO ] 2023-09-30 03:48:01.204 [main] FirstTest - New booking successfully completed.
[INFO ] 2023-09-30 03:48:01.206 [main] FirstTest - Update booking started..
[INFO ] 2023-09-30 03:48:02.549 [main] FirstTest - Update booking successfully completed.
[INFO ] 2023-09-30 03:48:02.556 [main] FirstTest - Get booking started..
[INFO ] 2023-09-30 03:48:03.763 [main] FirstTest - Get booking successfully completed.
[INFO ] 2023-09-30 03:48:03.983 [main] FirstTest - Authentication Started..
[INFO ] 2023-09-30 03:48:05.321 [main] FirstTest - Authentication successfully completed.
[INFO ] 2023-09-30 03:48:05.324 [main] FirstTest - Add booking Started..
[INFO ] 2023-09-30 03:48:06.741 [main] FirstTest - Add booking successfully completed.
[INFO ] 2023-09-30 03:48:06.745 [main] FirstTest - Partial update booking Started..
[INFO ] 2023-09-30 03:48:08.143 [main] FirstTest - Partial update booking successfully completed.
[INFO ] 2023-09-30 03:48:08.148 [main] FirstTest - Delete booking Started..
[INFO ] 2023-09-30 03:48:09.439 [main] FirstTest - Delete booking successfully completed.
